  GameServer.cpp
e:\★텍스트자료\onedrive\2017년도 4학년 1학기\게임서버프로그래밍\텀프로젝트#term\game server\gameserver\gameserver.cpp(80): warning C4244: '인수': 'unsigned __int64'에서 'int'(으)로 변환하면서 데이터가 손실될 수 있습니다.
e:\★텍스트자료\onedrive\2017년도 4학년 1학기\게임서버프로그래밍\텀프로젝트#term\game server\gameserver\gameserver.cpp(86): warning C4244: '인수': 'unsigned __int64'에서 'int'(으)로 변환하면서 데이터가 손실될 수 있습니다.
e:\★텍스트자료\onedrive\2017년도 4학년 1학기\게임서버프로그래밍\텀프로젝트#term\game server\gameserver\gameserver.cpp(136): warning C4244: '인수': 'unsigned __int64'에서 'int'(으)로 변환하면서 데이터가 손실될 수 있습니다.
e:\★텍스트자료\onedrive\2017년도 4학년 1학기\게임서버프로그래밍\텀프로젝트#term\game server\gameserver\gameserver.cpp(138): warning C4244: '인수': 'unsigned __int64'에서 'int'(으)로 변환하면서 데이터가 손실될 수 있습니다.
e:\★텍스트자료\onedrive\2017년도 4학년 1학기\게임서버프로그래밍\텀프로젝트#term\game server\gameserver\gameserver.cpp(158): warning C4244: '인수': 'unsigned __int64'에서 'int'(으)로 변환하면서 데이터가 손실될 수 있습니다.
e:\★텍스트자료\onedrive\2017년도 4학년 1학기\게임서버프로그래밍\텀프로젝트#term\game server\gameserver\gameserver.cpp(162): warning C4244: '인수': 'unsigned __int64'에서 'int'(으)로 변환하면서 데이터가 손실될 수 있습니다.
e:\★텍스트자료\onedrive\2017년도 4학년 1학기\게임서버프로그래밍\텀프로젝트#term\game server\gameserver\gameserver.cpp(229): warning C4267: '인수': 'size_t'에서 'int'(으)로 변환하면서 데이터가 손실될 수 있습니다.
e:\★텍스트자료\onedrive\2017년도 4학년 1학기\게임서버프로그래밍\텀프로젝트#term\game server\gameserver\gameserver.cpp(233): warning C4267: '인수': 'size_t'에서 'int'(으)로 변환하면서 데이터가 손실될 수 있습니다.
e:\★텍스트자료\onedrive\2017년도 4학년 1학기\게임서버프로그래밍\텀프로젝트#term\game server\gameserver\gameserver.cpp(237): warning C4267: '인수': 'size_t'에서 'int'(으)로 변환하면서 데이터가 손실될 수 있습니다.
e:\★텍스트자료\onedrive\2017년도 4학년 1학기\게임서버프로그래밍\텀프로젝트#term\game server\gameserver\gameserver.cpp(251): warning C4267: '인수': 'size_t'에서 'int'(으)로 변환하면서 데이터가 손실될 수 있습니다.
  코드를 생성하고 있습니다...
  컴파일하고 있습니다...
  Winsock.cpp
  NPC.cpp
  Map.cpp
  Lua.cpp
e:\★텍스트자료\onedrive\2017년도 4학년 1학기\게임서버프로그래밍\텀프로젝트#term\game server\gameserver\lua.cpp(75): warning C4267: '인수': 'size_t'에서 'int'(으)로 변환하면서 데이터가 손실될 수 있습니다.
  DB.cpp
e:\★텍스트자료\onedrive\2017년도 4학년 1학기\게임서버프로그래밍\텀프로젝트#term\game server\gameserver\db.cpp(49): warning C4267: '인수': 'size_t'에서 'int'(으)로 변환하면서 데이터가 손실될 수 있습니다.
e:\★텍스트자료\onedrive\2017년도 4학년 1학기\게임서버프로그래밍\텀프로젝트#term\game server\gameserver\db.cpp(104): warning C4267: '인수': 'size_t'에서 'int'(으)로 변환하면서 데이터가 손실될 수 있습니다.
e:\★텍스트자료\onedrive\2017년도 4학년 1학기\게임서버프로그래밍\텀프로젝트#term\game server\gameserver\db.cpp(150): warning C4267: '인수': 'size_t'에서 'int'(으)로 변환하면서 데이터가 손실될 수 있습니다.
e:\★텍스트자료\onedrive\2017년도 4학년 1학기\게임서버프로그래밍\텀프로젝트#term\game server\gameserver\db.cpp(180): warning C4267: '인수': 'size_t'에서 'int'(으)로 변환하면서 데이터가 손실될 수 있습니다.
  코드를 생성하고 있습니다...
e:\★텍스트자료\onedrive\2017년도 4학년 1학기\게임서버프로그래밍\텀프로젝트#term\game server\gameserver\db.cpp(93): warning C4715: 'get_DB_Info': 모든 제어 경로에서 값을 반환하지는 않습니다.
  GameServer.vcxproj -> E:\★텍스트자료\OneDrive\2017년도 4학년 1학기\게임서버프로그래밍\텀프로젝트#Term\Game Server\x64\Debug\GameServer.exe
  GameServer.vcxproj -> E:\★텍스트자료\OneDrive\2017년도 4학년 1학기\게임서버프로그래밍\텀프로젝트#Term\Game Server\x64\Debug\GameServer.pdb (Full PDB)
